<?xml version="1.0" encoding="UTF-8"?>
<!-- Generated by org.testng.reporters.JUnitXMLReporter -->
<testsuite ignored="0" hostname="Raagss" failures="0" tests="1" name="Test" time="2.911" errors="0" timestamp="2025-10-14T00:11:24 IST">
  <testcase classname="testBase.BaseClass" name="@BeforeClass setup" time="2.016">
    <failure type="java.net.MalformedURLException" message="no protocol: http//localhost:4444/wd/hub">
      <![CDATA[java.net.MalformedURLException: no protocol: http//localhost:4444/wd/hub
at java.base/java.net.URL.<init>(URL.java:772)
at java.base/java.net.URL.<init>(URL.java:654)
at java.base/java.net.URL.<init>(URL.java:590)
at testBase.BaseClass.setup(BaseClass.java:72)
at java.base/java.util.ArrayList.forEach(ArrayList.java:1597)
... Removed 23 stack frames]]>
    </failure>
  </testcase> <!-- @BeforeClass setup -->
  <testcase classname="testBase.BaseClass" name="@AfterClass tearDown" time="0.0">
    <skipped/>
  </testcase> <!-- @AfterClass tearDown -->
  <testcase classname="testCases.TC002_LoginTest" name="Logintest" time="0.0">
    <skipped/>
  </testcase> <!-- Logintest -->
</testsuite> <!-- Test -->
